This is pdfTeX, Version 3.141592653-2.6-1.40.24 (TeX Live 2022) (preloaded format=pdflatex 2023.2.27)  27 FEB 2023 22:03
entering extended mode
 restricted \write18 enabled.
 %&-line parsing enabled.
**lifecycleCN.tex
(./lifecycleCN.tex
LaTeX2e <2022-11-01> patch level 1
L3 programming layer <2023-02-22>

! LaTeX Error: File `svjour3.cls' not found.

Type X to quit or <RETURN> to proceed,
or enter new name. (Default extension: cls)

Enter file name: 
! Emergency stop.
<read *> 
         
l.5 \smartqed
               % flush right qed marks, e.g. at end of proof^^M 
Here is how much of TeX's memory you used:
 24 strings out of 477984
 494 string characters out of 5837249
 1849382 words of memory out of 5000000
 20319 multiletter control sequences out of 15000+600000
 512287 words of font info for 32 fonts, out of 8000000 for 9000
 14 hyphenation exceptions out of 8191
 19i,0n,29p,106b,17s stack positions out of 10000i,1000n,20000p,200000b,200000s

!  ==> Fatal error occurred, no output PDF file produced!
